build/outputs/logs/manifest-merger-debug-report.txt
-- Merging decision tree log ---
manifest
ADDED from dohChat\AndroidManifest.xml:2:1-34:12
	package
		ADDED from dohChat\AndroidManifest.xml:3:11-59
		INJECTED from dohChat\AndroidManifest.xml
		INJECTED from dohChat\AndroidManifest.xml
	android:versionName
		ADDED from dohChat\AndroidManifest.xml:5:11-36
		INJECTED from dohChat\AndroidManifest.xml
		INJECTED from dohChat\AndroidManifest.xml
	android:versionCode
		ADDED from dohChat\AndroidManifest.xml:4:11-34
		INJECTED from dohChat\AndroidManifest.xml
		INJECTED from dohChat\AndroidManifest.xml
	xmlns:android
		ADDED from dohChat\AndroidManifest.xml:2:11-69
uses-feature#android.hardware.microphone
ADDED from dohChat\AndroidManifest.xml:7:5-9:39
	android:required
		ADDED from dohChat\AndroidManifest.xml:9:13-37
	android:name
		ADDED from dohChat\AndroidManifest.xml:8:13-55
uses-permission#android.permission.INTERNET
ADDED from dohChat\AndroidManifest.xml:11:5-66
	android:name
		ADDED from dohChat\AndroidManifest.xml:11:22-64
uses-permission#android.permission.ACCESS_NETWORK_STATE
ADDED from dohChat\AndroidManifest.xml:12:5-78
	android:name
		ADDED from dohChat\AndroidManifest.xml:12:22-76
application
ADDED from dohChat\AndroidManifest.xml:14:5-32:19
MERGED from [:sinch-android-rtc:3.11.0] AndroidManifest.xml:11:5-19:19
MERGED from [com.android.support:support-v4:23.1.0] AndroidManifest.xml:22:5-20
	android:label
		ADDED from dohChat\AndroidManifest.xml:17:13-45
	android:allowBackup
		ADDED from dohChat\AndroidManifest.xml:15:13-39
	android:icon
		ADDED from dohChat\AndroidManifest.xml:16:13-42
	android:theme
		ADDED from dohChat\AndroidManifest.xml:18:13-44
activity#com.sinch.android.rtc.sample.messaging.LoginActivity
ADDED from dohChat\AndroidManifest.xml:19:9-28:20
	android:screenOrientation
		ADDED from dohChat\AndroidManifest.xml:22:17-53
	android:label
		ADDED from dohChat\AndroidManifest.xml:21:17-49
	android:name
		ADDED from dohChat\AndroidManifest.xml:20:17-46
intent-filter#android.intent.action.MAIN+android.intent.category.LAUNCHER
ADDED from dohChat\AndroidManifest.xml:23:13-27:29
action#android.intent.action.MAIN
ADDED from dohChat\AndroidManifest.xml:24:17-68
	android:name
		ADDED from dohChat\AndroidManifest.xml:24:25-66
category#android.intent.category.LAUNCHER
ADDED from dohChat\AndroidManifest.xml:26:17-76
	android:name
		ADDED from dohChat\AndroidManifest.xml:26:27-74
activity#com.sinch.android.rtc.sample.messaging.MessagingActivity
ADDED from dohChat\AndroidManifest.xml:29:9-91
	android:screenOrientation
		ADDED from dohChat\AndroidManifest.xml:29:53-89
	android:name
		ADDED from dohChat\AndroidManifest.xml:29:19-52
service#com.sinch.android.rtc.sample.messaging.SinchService
ADDED from dohChat\AndroidManifest.xml:31:9-48
	android:name
		ADDED from dohChat\AndroidManifest.xml:31:18-46
uses-sdk
INJECTED from dohChat\AndroidManifest.xml reason: use-sdk injection requested
MERGED from [:sinch-android-rtc:3.11.0] AndroidManifest.xml:7:5-9:41
MERGED from [com.android.support:support-v4:23.1.0] AndroidManifest.xml:20:5-43
	android:targetSdkVersion
		INJECTED from dohChat\AndroidManifest.xml
		INJECTED from dohChat\AndroidManifest.xml
	android:minSdkVersion
		INJECTED from dohChat\AndroidManifest.xml
		INJECTED from dohChat\AndroidManifest.xml
service#com.sinch.android.rtc.internal.client.gcm.InstanceIDTokenService
ADDED from [:sinch-android-rtc:3.11.0] AndroidManifest.xml:12:9-18:19
	android:exported
		ADDED from [:sinch-android-rtc:3.11.0] AndroidManifest.xml:14:13-37
	android:name
		ADDED from [:sinch-android-rtc:3.11.0] AndroidManifest.xml:13:13-92
intent-filter#com.google.android.gms.iid.InstanceID
ADDED from [:sinch-android-rtc:3.11.0] AndroidManifest.xml:15:13-17:29
action#com.google.android.gms.iid.InstanceID
ADDED from [:sinch-android-rtc:3.11.0] AndroidManifest.xml:16:17-80
	android:name
		ADDED from [:sinch-android-rtc:3.11.0] AndroidManifest.xml:16:25-77